<?xml version="1.0" encoding="UTF-8"?>
<!-- Generated by org.testng.reporters.JUnitReportReporter -->
<testsuite skipped="0" hostname="DESKTOP-DCINFER" name="com.hrm.testCases.TC_LoginPageTest_001" tests="1" failures="0" timestamp="04 Sep 2019 07:54:24 GMT" time="3.651" errors="0">
  <testcase name="loginTest" time="3.651" classname="com.hrm.testCases.TC_LoginPageTest_001"/>
</testsuite> <!-- com.hrm.testCases.TC_LoginPageTest_001 -->
